============================================================
[Mon 02/23/2026 16:27:01.78] Launcher start
ROOT_DIR=C:\Users\lbulfon\OneDrive - clarkinc.biz\Desktop\Luca Playgound\CNA-App-8cc19fb977d483059cb5a4db6158f73c06b8c4d9
VENV_DIR=C:\Users\lbulfon\OneDrive - clarkinc.biz\Desktop\Luca Playgound\CNA-App-8cc19fb977d483059cb5a4db6158f73c06b8c4d9\.venv
PORT=8501
============================================================
[Mon 02/23/2026 16:27:01.79] Starting Git check...
[Mon 02/23/2026 16:27:01.87] Not a git repo. Skipping updates.
[Mon 02/23/2026 16:27:01.87] Launching Streamlit...
[Mon 02/23/2026 16:27:03.06] Running startup.py...
Traceback (most recent call last):
  File "C:\Users\lbulfon\OneDrive - clarkinc.biz\Desktop\Luca Playgound\CNA-App-8cc19fb977d483059cb5a4db6158f73c06b8c4d9\startup.py", line 39, in <module>
    import config
ModuleNotFoundError: No module named 'config'
[Mon 02/23/2026 16:27:05.15] ERROR: startup.py failed.
============================================================
[Mon 02/23/2026 16:27:19.79] Launcher start
ROOT_DIR=C:\Users\lbulfon\OneDrive - clarkinc.biz\Desktop\Luca Playgound\CNA-App-8cc19fb977d483059cb5a4db6158f73c06b8c4d9
VENV_DIR=C:\Users\lbulfon\OneDrive - clarkinc.biz\Desktop\Luca Playgound\CNA-App-8cc19fb977d483059cb5a4db6158f73c06b8c4d9\.venv
PORT=8501
============================================================
[Mon 02/23/2026 16:27:19.80] Starting Git check...
[Mon 02/23/2026 16:27:19.87] Not a git repo. Skipping updates.
[Mon 02/23/2026 16:27:19.88] Launching Streamlit...
[Mon 02/23/2026 16:27:20.41] Running startup.py...
Traceback (most recent call last):
  File "C:\Users\lbulfon\OneDrive - clarkinc.biz\Desktop\Luca Playgound\CNA-App-8cc19fb977d483059cb5a4db6158f73c06b8c4d9\startup.py", line 39, in <module>
    import config
ModuleNotFoundError: No module named 'config'
[Mon 02/23/2026 16:27:21.05] ERROR: startup.py failed.
============================================================
[Mon 02/23/2026 16:28:35.52] Launcher start
ROOT_DIR=C:\Users\lbulfon\OneDrive - clarkinc.biz\Desktop\Luca Playgound\CNA-App-8cc19fb977d483059cb5a4db6158f73c06b8c4d9
VENV_DIR=C:\Users\lbulfon\OneDrive - clarkinc.biz\Desktop\Luca Playgound\CNA-App-8cc19fb977d483059cb5a4db6158f73c06b8c4d9\.venv
PORT=8501
============================================================
[Mon 02/23/2026 16:28:35.53] Starting Git check...
[Mon 02/23/2026 16:28:35.62] Not a git repo. Skipping updates.
[Mon 02/23/2026 16:28:35.62] Launching Streamlit...
[Mon 02/23/2026 16:28:36.16] Running startup.py...
[Mon 02/23/2026 16:28:39.24] startup.py completed.
[Mon 02/23/2026 16:28:39.25] Starting server...

  You can now view your Streamlit app in your browser.

  Local URL: http://localhost:8501
  Network URL: http://10.0.0.244:8501
  External URL: http://73.101.142.204:8501

============================================================
[Mon 02/23/2026 16:43:06.55] Launcher start
ROOT_DIR=C:\Users\lbulfon\OneDrive - clarkinc.biz\Desktop\Luca Playgound\CNA-WebApp
VENV_DIR=C:\Users\lbulfon\OneDrive - clarkinc.biz\Desktop\Luca Playgound\CNA-WebApp\.venv
PORT=8501
============================================================
[Mon 02/23/2026 16:43:06.57] Starting Git check...
[Mon 02/23/2026 16:43:06.64] Testing Git remote...
757e314798f1c9dae264c8591434180ec6479520	refs/heads/main
[Mon 02/23/2026 16:43:07.08] Fetching updates...
[Mon 02/23/2026 16:43:07.76] No updates detected.
[Mon 02/23/2026 16:43:07.78] Launching Streamlit...
[Mon 02/23/2026 16:43:08.86] Running startup.py...
[Mon 02/23/2026 16:43:14.02] startup.py completed.
[Mon 02/23/2026 16:43:14.04] Starting server...

  You can now view your Streamlit app in your browser.

  Local URL: http://localhost:8501
  Network URL: http://10.0.0.244:8501
  External URL: http://73.101.142.204:8501

2026-02-23 16:44:06.366 304 GET /task-tracker (::1) 1.00ms
2026-02-23 16:44:06.471 404 GET /task-tracker/_stcore/health (::1) 1.00ms
2026-02-23 16:44:06.471 404 GET /task-tracker/_stcore/host-config (::1) 0.00ms
2026-02-23 16:44:06.582 304 GET /_stcore/health (::1) 0.00ms
2026-02-23 16:44:06.584 304 GET /_stcore/host-config (::1) 1.50ms
2026-02-23 16:44:06.589 101 GET /_stcore/stream (::1) 1.00ms
